{
  "RSpec": {
    "coverage": {
      "/home/dguedes/Desktop/forum/clean_forum/app/helpers/admin_panel_helper.rb": [
        1,
        null
      ],
      "/home/dguedes/Desktop/forum/clean_forum/app/helpers/application_helper.rb": [
        1,
        null
      ],
      "/home/dguedes/Desktop/forum/clean_forum/app/helpers/forum_helper.rb": [
        1,
        null
      ],
      "/home/dguedes/Desktop/forum/clean_forum/app/helpers/posts_helper.rb": [
        1,
        null
      ],
      "/home/dguedes/Desktop/forum/clean_forum/app/helpers/reports_helper.rb": [
        1,
        1,
        0,
        0,
        0,
        0,
        null,
        0,
        0,
        null,
        0,
        0,
        null,
        null,
        1,
        0,
        0,
        0,
        null,
        0,
        0,
        null,
        null,
        null
      ],
      "/home/dguedes/Desktop/forum/clean_forum/app/helpers/sections_helper.rb": [
        1,
        null
      ],
      "/home/dguedes/Desktop/forum/clean_forum/app/helpers/sessions_helper.rb": [
        1,
        1,
        3,
        3,
        3,
        3,
        null,
        null,
        1,
        3,
        null,
        null,
        1,
        2,
        2,
        null,
        null,
        1,
        2,
        null,
        null,
        1,
        0,
        0,
        0,
        null,
        null,
        1,
        0,
        null,
        null,
        1,
        1,
        null,
        null,
        1,
        0,
        0,
        null,
        null
      ],
      "/home/dguedes/Desktop/forum/clean_forum/app/helpers/topics_helper.rb": [
        1,
        null
      ],
      "/home/dguedes/Desktop/forum/clean_forum/app/helpers/users_helper.rb": [
        1,
        null
      ],
      "/home/dguedes/Desktop/forum/clean_forum/app/controllers/users_controller.rb": [
        1,
        1,
        null,
        null,
        1,
        1,
        null,
        null,
        1,
        3,
        3,
        2,
        2,
        null,
        1,
        null,
        null,
        null,
        1,
        1,
        null,
        null,
        1,
        2,
        null,
        null,
        1,
        1,
        3,
        null,
        null,
        1,
        2,
        1,
        1,
        1,
        null,
        null,
        null,
        1,
        0,
        0,
        null,
        null
      ],
      "/home/dguedes/Desktop/forum/clean_forum/app/controllers/application_controller.rb": [
        1,
        null,
        null,
        1,
        null,
        1,
        null,
        1,
        0,
        0,
        null,
        null,
        1,
        0,
        0,
        null,
        null,
        1,
        0,
        0,
        null,
        0,
        0,
        null,
        null,
        null
      ],
      "/home/dguedes/Desktop/forum/clean_forum/app/models/user.rb": [
        1,
        1,
        1,
        1,
        1,
        null,
        13,
        1,
        null,
        1,
        null,
        1,
        1,
        1,
        1,
        1,
        1,
        null,
        1,
        12,
        null,
        null,
        1,
        14,
        null,
        null,
        1,
        null,
        1,
        9,
        null,
        null,
        null
      ]
    },
    "timestamp": 1423014225
  }
}
