{
  "RSpec": {
    "coverage": {
      "/home/dguedes/Desktop/forum/clean_forum/app/helpers/admin_panel_helper.rb": [
        1,
        null
      ],
      "/home/dguedes/Desktop/forum/clean_forum/app/helpers/application_helper.rb": [
        1,
        null
      ],
      "/home/dguedes/Desktop/forum/clean_forum/app/helpers/forum_helper.rb": [
        1,
        null
      ],
      "/home/dguedes/Desktop/forum/clean_forum/app/helpers/posts_helper.rb": [
        1,
        null
      ],
      "/home/dguedes/Desktop/forum/clean_forum/app/helpers/reports_helper.rb": [
        1,
        1,
        0,
        0,
        0,
        0,
        null,
        0,
        0,
        null,
        0,
        0,
        null,
        null,
        1,
        0,
        0,
        0,
        null,
        0,
        0,
        null,
        null,
        null
      ],
      "/home/dguedes/Desktop/forum/clean_forum/app/helpers/sections_helper.rb": [
        1,
        null
      ],
      "/home/dguedes/Desktop/forum/clean_forum/app/helpers/sessions_helper.rb": [
        1,
        1,
        10,
        10,
        10,
        10,
        null,
        null,
        1,
        11,
        null,
        null,
        1,
        15,
        15,
        null,
        null,
        1,
        6,
        null,
        null,
        1,
        1,
        1,
        1,
        null,
        null,
        1,
        0,
        0,
        0,
        null,
        null,
        null
      ],
      "/home/dguedes/Desktop/forum/clean_forum/app/helpers/topics_helper.rb": [
        1,
        null
      ],
      "/home/dguedes/Desktop/forum/clean_forum/app/helpers/users_helper.rb": [
        1,
        null
      ],
      "/home/dguedes/Desktop/forum/clean_forum/app/controllers/admin_panel_controller.rb": [
        1,
        1,
        2,
        1,
        1,
        1,
        1,
        1,
        null,
        1,
        1,
        null,
        null,
        null,
        1,
        0,
        0,
        0,
        0,
        0,
        0,
        null,
        null,
        1,
        0,
        0,
        0,
        0,
        0,
        0,
        null,
        0,
        0,
        0,
        null,
        0,
        0,
        0,
        null,
        null,
        1,
        0,
        0,
        0,
        0,
        0,
        null,
        0,
        0,
        null,
        null,
        null
      ],
      "/home/dguedes/Desktop/forum/clean_forum/app/controllers/application_controller.rb": [
        1,
        null,
        null,
        1,
        1,
        null
      ],
      "/home/dguedes/Desktop/forum/clean_forum/app/controllers/forum_controller.rb": [
        1,
        1,
        1,
        null,
        null,
        1,
        null,
        null,
        1,
        null,
        null
      ],
      "/home/dguedes/Desktop/forum/clean_forum/app/controllers/posts_controller.rb": [
        1,
        1,
        null,
        1,
        0,
        0,
        0,
        0,
        null,
        null,
        1,
        0,
        0,
        0,
        null,
        null,
        1,
        0,
        null,
        null,
        1,
        0,
        0,
        0,
        0,
        0,
        0,
        null,
        0,
        0,
        null,
        null,
        null,
        1,
        0,
        0,
        0,
        0,
        null,
        null,
        1,
        null,
        1,
        0,
        null,
        null,
        1,
        0,
        null,
        null
      ],
      "/home/dguedes/Desktop/forum/clean_forum/app/controllers/sections_controller.rb": [
        1,
        1,
        1,
        1,
        null,
        null,
        1,
        2,
        1,
        null,
        1,
        1,
        null,
        null,
        null,
        1,
        2,
        2,
        1,
        1,
        null,
        1,
        null,
        null,
        null,
        1,
        1,
        2,
        null,
        null
      ],
      "/home/dguedes/Desktop/forum/clean_forum/app/controllers/sessions_controller.rb": [
        1,
        1,
        null,
        null,
        null,
        1,
        2,
        2,
        1,
        1,
        null,
        1,
        null,
        null,
        null,
        1,
        0,
        0,
        null,
        null
      ],
      "/home/dguedes/Desktop/forum/clean_forum/app/controllers/topics_controller.rb": [
        1,
        1,
        1,
        0,
        0,
        0,
        null,
        null,
        1,
        0,
        0,
        0,
        null,
        null,
        1,
        0,
        0,
        0,
        null,
        null,
        1,
        0,
        null,
        null,
        1,
        0,
        0,
        0,
        0,
        0,
        0,
        0,
        0,
        null,
        0,
        0,
        null,
        null,
        null,
        1,
        1,
        0,
        null,
        null,
        1,
        0,
        null,
        null
      ],
      "/home/dguedes/Desktop/forum/clean_forum/app/controllers/users_controller.rb": [
        1,
        1,
        1,
        null,
        null,
        1,
        2,
        2,
        1,
        1,
        null,
        1,
        null,
        null,
        null,
        1,
        1,
        null,
        null,
        1,
        2,
        null,
        null,
        1,
        1,
        2,
        null,
        null
      ],
      "/home/dguedes/Desktop/forum/clean_forum/app/models/post.rb": [
        1,
        1,
        1,
        1,
        null
      ],
      "/home/dguedes/Desktop/forum/clean_forum/app/models/report.rb": [
        1,
        1,
        null
      ],
      "/home/dguedes/Desktop/forum/clean_forum/app/models/section.rb": [
        1,
        1,
        1,
        1,
        0,
        0,
        0,
        0,
        null,
        0,
        null,
        null,
        1,
        0,
        0,
        0,
        null,
        0,
        0,
        0,
        0,
        null,
        null,
        0,
        null,
        null,
        null,
        1,
        null
      ],
      "/home/dguedes/Desktop/forum/clean_forum/app/models/topic.rb": [
        1,
        1,
        1,
        1,
        1,
        1,
        1,
        null
      ],
      "/home/dguedes/Desktop/forum/clean_forum/app/models/user.rb": [
        1,
        1,
        1,
        1,
        31,
        1,
        null,
        1,
        1,
        null,
        1,
        null,
        1,
        1,
        null,
        1,
        28,
        null,
        null,
        1,
        43,
        null,
        null,
        1,
        null,
        1,
        17,
        null,
        null,
        null
      ]
    },
    "timestamp": 1422926337
  }
}
